2026-06-16T07:09:08.369+02:00  INFO 21436 --- [cognitive-banking-application] [main] c.c.banking.CognitiveBankingApplication  : Starting CognitiveBankingApplication using Java 24.0.2 with PID 21436 (C:\Users\FUMUFHELO\IdeaProjects\cognitive-banking-application\target\classes started by FUMUFHELO in C:\Users\FUMUFHELO\IdeaProjects\cognitive-banking-application)
2026-06-16T07:09:08.383+02:00 DEBUG 21436 --- [cognitive-banking-application] [main] c.c.banking.CognitiveBankingApplication  : Running with Spring Boot v3.2.0, Spring v6.1.1
2026-06-16T07:09:08.389+02:00  INFO 21436 --- [cognitive-banking-application] [main] c.c.banking.CognitiveBankingApplication  : No active profile set, falling back to 1 default profile: "default"
2026-06-16T07:09:11.970+02:00  INFO 21436 --- [cognitive-banking-application] [main] .s.d.r.c.RepositoryConfigurationDelegate : Multiple Spring Data modules found, entering strict repository configuration mode
2026-06-16T07:09:11.975+02:00  INFO 21436 --- [cognitive-banking-application] [main] .s.d.r.c.RepositoryConfigurationDelegate : Bootstrapping Spring Data JPA repositories in DEFAULT mode.
2026-06-16T07:09:12.369+02:00  INFO 21436 --- [cognitive-banking-application] [main] .s.d.r.c.RepositoryConfigurationDelegate : Finished Spring Data repository scanning in 373 ms. Found 6 JPA repository interfaces.
2026-06-16T07:09:12.420+02:00  INFO 21436 --- [cognitive-banking-application] [main] .s.d.r.c.RepositoryConfigurationDelegate : Multiple Spring Data modules found, entering strict repository configuration mode
2026-06-16T07:09:12.423+02:00  INFO 21436 --- [cognitive-banking-application] [main] .s.d.r.c.RepositoryConfigurationDelegate : Bootstrapping Spring Data Redis repositories in DEFAULT mode.
2026-06-16T07:09:12.469+02:00  INFO 21436 --- [cognitive-banking-application] [main] .RepositoryConfigurationExtensionSupport : Spring Data Redis - Could not safely identify store assignment for repository candidate interface com.cognitive.banking.repository.AccountRepository; If you want this repository to be a Redis repository, consider annotating your entities with one of these annotations: org.springframework.data.redis.core.RedisHash (preferred), or consider extending one of the following types with your repository: org.springframework.data.keyvalue.repository.KeyValueRepository
2026-06-16T07:09:12.470+02:00  INFO 21436 --- [cognitive-banking-application] [main] .RepositoryConfigurationExtensionSupport : Spring Data Redis - Could not safely identify store assignment for repository candidate interface com.cognitive.banking.repository.CardRepository; If you want this repository to be a Redis repository, consider annotating your entities with one of these annotations: org.springframework.data.redis.core.RedisHash (preferred), or consider extending one of the following types with your repository: org.springframework.data.keyvalue.repository.KeyValueRepository
2026-06-16T07:09:12.473+02:00  INFO 21436 --- [cognitive-banking-application] [main] .RepositoryConfigurationExtensionSupport : Spring Data Redis - Could not safely identify store assignment for repository candidate interface com.cognitive.banking.repository.LoanPaymentRepository; If you want this repository to be a Redis repository, consider annotating your entities with one of these annotations: org.springframework.data.redis.core.RedisHash (preferred), or consider extending one of the following types with your repository: org.springframework.data.keyvalue.repository.KeyValueRepository
2026-06-16T07:09:12.475+02:00  INFO 21436 --- [cognitive-banking-application] [main] .RepositoryConfigurationExtensionSupport : Spring Data Redis - Could not safely identify store assignment for repository candidate interface com.cognitive.banking.repository.LoanRepository; If you want this repository to be a Redis repository, consider annotating your entities with one of these annotations: org.springframework.data.redis.core.RedisHash (preferred), or consider extending one of the following types with your repository: org.springframework.data.keyvalue.repository.KeyValueRepository
2026-06-16T07:09:12.477+02:00  INFO 21436 --- [cognitive-banking-application] [main] .RepositoryConfigurationExtensionSupport : Spring Data Redis - Could not safely identify store assignment for repository candidate interface com.cognitive.banking.repository.TransactionRepository; If you want this repository to be a Redis repository, consider annotating your entities with one of these annotations: org.springframework.data.redis.core.RedisHash (preferred), or consider extending one of the following types with your repository: org.springframework.data.keyvalue.repository.KeyValueRepository
2026-06-16T07:09:12.478+02:00  INFO 21436 --- [cognitive-banking-application] [main] .RepositoryConfigurationExtensionSupport : Spring Data Redis - Could not safely identify store assignment for repository candidate interface com.cognitive.banking.repository.UserRepository; If you want this repository to be a Redis repository, consider annotating your entities with one of these annotations: org.springframework.data.redis.core.RedisHash (preferred), or consider extending one of the following types with your repository: org.springframework.data.keyvalue.repository.KeyValueRepository
2026-06-16T07:09:12.479+02:00  INFO 21436 --- [cognitive-banking-application] [main] .s.d.r.c.RepositoryConfigurationDelegate : Finished Spring Data repository scanning in 33 ms. Found 0 Redis repository interfaces.
2026-06-16T07:09:17.356+02:00  INFO 21436 --- [cognitive-banking-application] [main] o.s.b.w.embedded.tomcat.TomcatWebServer  : Tomcat initialized with port 8080 (http)
2026-06-16T07:09:17.376+02:00  INFO 21436 --- [cognitive-banking-application] [main] o.apache.catalina.core.StandardService   : Starting service [Tomcat]
2026-06-16T07:09:17.377+02:00  INFO 21436 --- [cognitive-banking-application] [main] o.apache.catalina.core.StandardEngine    : Starting Servlet engine: [Apache Tomcat/10.1.16]
2026-06-16T07:09:17.601+02:00  INFO 21436 --- [cognitive-banking-application] [main] o.a.c.c.C.[.[.[/api/cognitive/bank]      : Initializing Spring embedded WebApplicationContext
2026-06-16T07:09:17.602+02:00  INFO 21436 --- [cognitive-banking-application] [main] w.s.c.ServletWebServerApplicationContext : Root WebApplicationContext: initialization completed in 9031 ms
2026-06-16T07:09:19.139+02:00  INFO 21436 --- [cognitive-banking-application] [main] com.zaxxer.hikari.HikariDataSource       : HikariPool-1 - Starting...
2026-06-16T07:09:21.673+02:00  INFO 21436 --- [cognitive-banking-application] [main] com.zaxxer.hikari.pool.HikariPool        : HikariPool-1 - Added connection conn0: url=jdbc:h2:mem:04dd924f-35fb-4303-9f12-b7a28435d688 user=SA
2026-06-16T07:09:21.681+02:00  INFO 21436 --- [cognitive-banking-application] [main] com.zaxxer.hikari.HikariDataSource       : HikariPool-1 - Start completed.
2026-06-16T07:09:21.984+02:00  INFO 21436 --- [cognitive-banking-application] [main] o.f.c.internal.license.VersionPrinter    : Flyway Community Edition 9.22.3 by Redgate
2026-06-16T07:09:21.984+02:00  INFO 21436 --- [cognitive-banking-application] [main] o.f.c.internal.license.VersionPrinter    : See release notes here: https://rd.gt/416ObMi
2026-06-16T07:09:21.984+02:00  INFO 21436 --- [cognitive-banking-application] [main] o.f.c.internal.license.VersionPrinter    : 
2026-06-16T07:09:22.130+02:00  INFO 21436 --- [cognitive-banking-application] [main] org.flywaydb.core.FlywayExecutor         : Database: jdbc:h2:mem:04dd924f-35fb-4303-9f12-b7a28435d688 (H2 2.2)
2026-06-16T07:09:22.174+02:00  WARN 21436 --- [cognitive-banking-application] [main] o.f.c.internal.database.base.Database    : Flyway upgrade recommended: H2 2.2.224 is newer than this version of Flyway and support has not been tested. The latest supported version of H2 is 2.2.220.
2026-06-16T07:09:22.272+02:00  INFO 21436 --- [cognitive-banking-application] [main] o.f.c.i.s.JdbcTableSchemaHistory         : Schema history table "PUBLIC"."flyway_schema_history" does not exist yet
2026-06-16T07:09:22.280+02:00  INFO 21436 --- [cognitive-banking-application] [main] o.f.core.internal.command.DbValidate     : Successfully validated 6 migrations (execution time 00:00.061s)
2026-06-16T07:09:22.297+02:00  INFO 21436 --- [cognitive-banking-application] [main] o.f.c.i.s.JdbcTableSchemaHistory         : Creating Schema History table "PUBLIC"."flyway_schema_history" ...
2026-06-16T07:09:22.423+02:00  INFO 21436 --- [cognitive-banking-application] [main] o.f.core.internal.command.DbMigrate      : Current version of schema "PUBLIC": << Empty Schema >>
2026-06-16T07:09:22.441+02:00  INFO 21436 --- [cognitive-banking-application] [main] o.f.core.internal.command.DbMigrate      : Migrating schema "PUBLIC" to version "1 - create users table"
2026-06-16T07:09:22.500+02:00  INFO 21436 --- [cognitive-banking-application] [main] o.f.core.internal.command.DbMigrate      : Migrating schema "PUBLIC" to version "2 - create accounts table"
2026-06-16T07:09:22.562+02:00  INFO 21436 --- [cognitive-banking-application] [main] o.f.core.internal.command.DbMigrate      : Migrating schema "PUBLIC" to version "3 - create cards table"
2026-06-16T07:09:22.606+02:00  INFO 21436 --- [cognitive-banking-application] [main] o.f.core.internal.command.DbMigrate      : Migrating schema "PUBLIC" to version "4 - create loans table"
2026-06-16T07:09:22.731+02:00  INFO 21436 --- [cognitive-banking-application] [main] o.f.core.internal.command.DbMigrate      : Migrating schema "PUBLIC" to version "5 - create loan payments table"
2026-06-16T07:09:22.969+02:00  INFO 21436 --- [cognitive-banking-application] [main] o.f.core.internal.command.DbMigrate      : Migrating schema "PUBLIC" to version "6 - create transactions table"
2026-06-16T07:09:23.095+02:00  INFO 21436 --- [cognitive-banking-application] [main] o.f.core.internal.command.DbMigrate      : Successfully applied 6 migrations to schema "PUBLIC", now at version v6 (execution time 00:00.501s)
2026-06-16T07:09:23.551+02:00  INFO 21436 --- [cognitive-banking-application] [main] o.hibernate.jpa.internal.util.LogHelper  : HHH000204: Processing PersistenceUnitInfo [name: default]
2026-06-16T07:09:23.734+02:00  INFO 21436 --- [cognitive-banking-application] [main] org.hibernate.Version                    : HHH000412: Hibernate ORM core version 6.3.1.Final
2026-06-16T07:09:23.843+02:00  INFO 21436 --- [cognitive-banking-application] [main] o.h.c.internal.RegionFactoryInitiator    : HHH000026: Second-level cache disabled
2026-06-16T07:09:24.597+02:00  INFO 21436 --- [cognitive-banking-application] [main] o.s.o.j.p.SpringPersistenceUnitInfo      : No LoadTimeWeaver setup: ignoring JPA class transformer
2026-06-16T07:09:27.752+02:00  INFO 21436 --- [cognitive-banking-application] [main] o.h.e.t.j.p.i.JtaPlatformInitiator       : HHH000489: No JTA platform available (set 'hibernate.transaction.jta.platform' to enable JTA platform integration)
2026-06-16T07:09:27.759+02:00  INFO 21436 --- [cognitive-banking-application] [main] j.LocalContainerEntityManagerFactoryBean : Initialized JPA EntityManagerFactory for persistence unit 'default'
2026-06-16T07:09:28.940+02:00  INFO 21436 --- [cognitive-banking-application] [main] o.s.d.j.r.query.QueryEnhancerFactory     : Hibernate is in classpath; If applicable, HQL parser will be used.
2026-06-16T07:09:30.970+02:00 DEBUG 21436 --- [cognitive-banking-application] [main] c.c.b.security.JwtAuthenticationFilter   : Filter 'jwtAuthenticationFilter' configured for use
2026-06-16T07:09:37.751+02:00  INFO 21436 --- [cognitive-banking-application] [main] o.s.b.a.e.web.EndpointLinksResolver      : Exposing 4 endpoint(s) beneath base path '/actuator'
2026-06-16T07:09:38.113+02:00  INFO 21436 --- [cognitive-banking-application] [main] o.s.s.web.DefaultSecurityFilterChain     : Will secure any request with [org.springframework.security.web.session.DisableEncodeUrlFilter@74f29997, org.springframework.security.web.context.request.async.WebAsyncManagerIntegrationFilter@56eb76d7, org.springframework.security.web.context.SecurityContextHolderFilter@78e88bd7, org.springframework.security.web.header.HeaderWriterFilter@2f568a26, org.springframework.web.filter.CorsFilter@708c26e0, org.springframework.security.web.authentication.logout.LogoutFilter@46a72c1e, com.cognitive.banking.security.JwtAuthenticationFilter@513156fd, org.springframework.security.web.savedrequest.RequestCacheAwareFilter@2f4210a8, org.springframework.security.web.servletapi.SecurityContextHolderAwareRequestFilter@6516dd09, org.springframework.security.web.authentication.AnonymousAuthenticationFilter@3dc03beb, org.springframework.security.web.session.SessionManagementFilter@2021b349, org.springframework.security.web.access.ExceptionTranslationFilter@56122c1, org.springframework.security.web.access.intercept.AuthorizationFilter@21de5790]
2026-06-16T07:09:40.978+02:00  INFO 21436 --- [cognitive-banking-application] [main] org.quartz.impl.StdSchedulerFactory      : Using default implementation for ThreadExecutor
2026-06-16T07:09:41.010+02:00  INFO 21436 --- [cognitive-banking-application] [main] org.quartz.core.SchedulerSignalerImpl    : Initialized Scheduler Signaller of type: class org.quartz.core.SchedulerSignalerImpl
2026-06-16T07:09:41.010+02:00  INFO 21436 --- [cognitive-banking-application] [main] org.quartz.core.QuartzScheduler          : Quartz Scheduler v.2.3.2 created.
2026-06-16T07:09:41.013+02:00  INFO 21436 --- [cognitive-banking-application] [main] org.quartz.simpl.RAMJobStore             : RAMJobStore initialized.
2026-06-16T07:09:41.014+02:00  INFO 21436 --- [cognitive-banking-application] [main] org.quartz.core.QuartzScheduler          : Scheduler meta-data: Quartz Scheduler (v2.3.2) 'quartzScheduler' with instanceId 'NON_CLUSTERED'
  Scheduler class: 'org.quartz.core.QuartzScheduler' - running locally.
  NOT STARTED.
  Currently in standby mode.
  Number of jobs executed: 0
  Using thread pool 'org.quartz.simpl.SimpleThreadPool' - with 10 threads.
  Using job-store 'org.quartz.simpl.RAMJobStore' - which does not support persistence. and is not clustered.

2026-06-16T07:09:41.015+02:00  INFO 21436 --- [cognitive-banking-application] [main] org.quartz.impl.StdSchedulerFactory      : Quartz scheduler 'quartzScheduler' initialized from an externally provided properties instance.
2026-06-16T07:09:41.016+02:00  INFO 21436 --- [cognitive-banking-application] [main] org.quartz.impl.StdSchedulerFactory      : Quartz scheduler version: 2.3.2
2026-06-16T07:09:41.017+02:00  INFO 21436 --- [cognitive-banking-application] [main] org.quartz.core.QuartzScheduler          : JobFactory set to: org.springframework.scheduling.quartz.SpringBeanJobFactory@39e3aada
2026-06-16T07:09:41.588+02:00  INFO 21436 --- [cognitive-banking-application] [main] o.s.b.w.embedded.tomcat.TomcatWebServer  : Tomcat started on port 8080 (http) with context path '/api/cognitive/bank'
2026-06-16T07:09:41.591+02:00  INFO 21436 --- [cognitive-banking-application] [main] o.s.s.quartz.SchedulerFactoryBean        : Starting Quartz Scheduler now
2026-06-16T07:09:41.592+02:00  INFO 21436 --- [cognitive-banking-application] [main] org.quartz.core.QuartzScheduler          : Scheduler quartzScheduler_$_NON_CLUSTERED started.
2026-06-16T07:09:41.621+02:00  INFO 21436 --- [cognitive-banking-application] [main] c.c.banking.CognitiveBankingApplication  : Started CognitiveBankingApplication in 34.445 seconds (process running for 35.61)
2026-06-16T07:10:10.738+02:00  INFO 21436 --- [cognitive-banking-application] [http-nio-8080-exec-1] o.a.c.c.C.[.[.[/api/cognitive/bank]      : Initializing Spring DispatcherServlet 'dispatcherServlet'
2026-06-16T07:10:10.738+02:00  INFO 21436 --- [cognitive-banking-application] [http-nio-8080-exec-1] o.s.web.servlet.DispatcherServlet        : Initializing Servlet 'dispatcherServlet'
2026-06-16T07:10:10.742+02:00  INFO 21436 --- [cognitive-banking-application] [http-nio-8080-exec-1] o.s.web.servlet.DispatcherServlet        : Completed initialization in 3 ms
2026-06-16T07:10:10.807+02:00  WARN 21436 --- [cognitive-banking-application] [http-nio-8080-exec-1] o.s.w.s.h.HandlerMappingIntrospector     : Cache miss for REQUEST dispatch to '/api/cognitive/bank/auth/register' (previous null). Performing MatchableHandlerMapping lookup. This is logged once only at WARN level, and every time at TRACE.
2026-06-16T07:10:11.154+02:00  INFO 21436 --- [cognitive-banking-application] [http-nio-8080-exec-1] c.cognitive.banking.service.AuthService  : Registering user: admin@cognitivebank.com
2026-06-16T07:10:11.788+02:00  INFO 21436 --- [cognitive-banking-application] [http-nio-8080-exec-1] c.cognitive.banking.service.AuthService  : User registered successfully: admin@cognitivebank.com (Total users: 1)
2026-06-16T07:12:29.703+02:00  INFO 21436 --- [cognitive-banking-application] [http-nio-8080-exec-2] c.cognitive.banking.service.AuthService  : Registering user: john.doe@example.com
2026-06-16T07:12:30.054+02:00  INFO 21436 --- [cognitive-banking-application] [http-nio-8080-exec-2] c.cognitive.banking.service.AuthService  : User registered successfully: john.doe@example.com (Total users: 2)
2026-06-16T07:18:18.110+02:00 DEBUG 21436 --- [cognitive-banking-application] [http-nio-8080-exec-4] c.c.b.service.CustomUserDetailsService   : Loading user by email: john.doe@example.com
2026-06-16T07:18:18.266+02:00 DEBUG 21436 --- [cognitive-banking-application] [http-nio-8080-exec-4] c.c.b.service.CustomUserDetailsService   : User found: john.doe@example.com with role: CUSTOMER and status: ACTIVE
2026-06-16T07:18:18.369+02:00  INFO 21436 --- [cognitive-banking-application] [http-nio-8080-exec-4] c.c.b.c.accounts.AccountController       : REST request to create account for user: e9cf7520-384e-47ec-aac2-ff2f8c62d7e0
2026-06-16T07:18:18.395+02:00  INFO 21436 --- [cognitive-banking-application] [http-nio-8080-exec-4] c.c.banking.service.AccountService       : Creating new account for user ID: e9cf7520-384e-47ec-aac2-ff2f8c62d7e0
2026-06-16T07:18:18.545+02:00  INFO 21436 --- [cognitive-banking-application] [http-nio-8080-exec-4] c.c.banking.service.AccountService       : Account created successfully with number: 291126871417
2026-06-16T07:19:37.296+02:00 DEBUG 21436 --- [cognitive-banking-application] [http-nio-8080-exec-5] c.c.b.service.CustomUserDetailsService   : Loading user by email: john.doe@example.com
2026-06-16T07:19:37.304+02:00 DEBUG 21436 --- [cognitive-banking-application] [http-nio-8080-exec-5] c.c.b.service.CustomUserDetailsService   : User found: john.doe@example.com with role: CUSTOMER and status: ACTIVE
2026-06-16T07:19:37.378+02:00  WARN 21436 --- [cognitive-banking-application] [http-nio-8080-exec-5] .w.s.m.s.DefaultHandlerExceptionResolver : Resolved [org.springframework.web.bind.MethodArgumentNotValidException: Validation failed for argument [0] in public org.springframework.http.ResponseEntity<com.cognitive.banking.dto.CardDTO> com.cognitive.banking.controller.cards.CardController.createCard(com.cognitive.banking.dto.CreateCardRequest) with 3 errors: [Field error in object 'createCardRequest' on field 'cardNetwork': rejected value [null]; codes [NotNull.createCardRequest.cardNetwork,NotNull.cardNetwork,NotNull.com.cognitive.banking.domain.enums.CardNetwork,NotNull]; arguments [org.springframework.context.support.DefaultMessageSourceResolvable: codes [createCardRequest.cardNetwork,cardNetwork]; arguments []; default message [cardNetwork]]; default message [Card network is required]] [Field error in object 'createCardRequest' on field 'cvv': rejected value [null]; codes [NotBlank.createCardRequest.cvv,NotBlank.cvv,NotBlank.java.lang.String,NotBlank]; arguments [org.springframework.context.support.DefaultMessageSourceResolvable: codes [createCardRequest.cvv,cvv]; arguments []; default message [cvv]]; default message [CVV is required]] [Field error in object 'createCardRequest' on field 'cardHolderName': rejected value [null]; codes [NotBlank.createCardRequest.cardHolderName,NotBlank.cardHolderName,NotBlank.java.lang.String,NotBlank]; arguments [org.springframework.context.support.DefaultMessageSourceResolvable: codes [createCardRequest.cardHolderName,cardHolderName]; arguments []; default message [cardHolderName]]; default message [Card holder name is required]] ]
2026-06-16T07:21:46.029+02:00 DEBUG 21436 --- [cognitive-banking-application] [http-nio-8080-exec-6] c.c.b.service.CustomUserDetailsService   : Loading user by email: john.doe@example.com
2026-06-16T07:21:46.035+02:00 DEBUG 21436 --- [cognitive-banking-application] [http-nio-8080-exec-6] c.c.b.service.CustomUserDetailsService   : User found: john.doe@example.com with role: CUSTOMER and status: ACTIVE
2026-06-16T07:21:46.077+02:00  INFO 21436 --- [cognitive-banking-application] [http-nio-8080-exec-6] c.c.b.controller.cards.CardController    : REST request to create card for user: e9cf7520-384e-47ec-aac2-ff2f8c62d7e0
2026-06-16T07:21:46.086+02:00  INFO 21436 --- [cognitive-banking-application] [http-nio-8080-exec-6] c.cognitive.banking.service.CardService  : Creating new card for user ID: e9cf7520-384e-47ec-aac2-ff2f8c62d7e0
2026-06-16T07:21:46.599+02:00  INFO 21436 --- [cognitive-banking-application] [http-nio-8080-exec-6] c.cognitive.banking.service.CardService  : Card created successfully with number: 4057********4481
2026-06-16T07:21:47.481+02:00 DEBUG 21436 --- [cognitive-banking-application] [http-nio-8080-exec-8] c.c.b.service.CustomUserDetailsService   : Loading user by email: john.doe@example.com
2026-06-16T07:21:47.485+02:00 DEBUG 21436 --- [cognitive-banking-application] [http-nio-8080-exec-8] c.c.b.service.CustomUserDetailsService   : User found: john.doe@example.com with role: CUSTOMER and status: ACTIVE
2026-06-16T07:21:47.503+02:00  INFO 21436 --- [cognitive-banking-application] [http-nio-8080-exec-8] c.c.b.controller.cards.CardController    : REST request to create card for user: e9cf7520-384e-47ec-aac2-ff2f8c62d7e0
2026-06-16T07:21:47.515+02:00  INFO 21436 --- [cognitive-banking-application] [http-nio-8080-exec-8] c.cognitive.banking.service.CardService  : Creating new card for user ID: e9cf7520-384e-47ec-aac2-ff2f8c62d7e0
2026-06-16T07:21:48.185+02:00  INFO 21436 --- [cognitive-banking-application] [http-nio-8080-exec-8] c.cognitive.banking.service.CardService  : Card created successfully with number: 4524********7635
2026-06-16T07:22:25.923+02:00 DEBUG 21436 --- [cognitive-banking-application] [http-nio-8080-exec-10] c.c.b.service.CustomUserDetailsService   : Loading user by email: john.doe@example.com
2026-06-16T07:22:25.928+02:00 DEBUG 21436 --- [cognitive-banking-application] [http-nio-8080-exec-10] c.c.b.service.CustomUserDetailsService   : User found: john.doe@example.com with role: CUSTOMER and status: ACTIVE
2026-06-16T07:22:25.957+02:00  INFO 21436 --- [cognitive-banking-application] [http-nio-8080-exec-10] c.c.b.controller.cards.CardController    : REST request to get cards for current user: john.doe@example.com
2026-06-16T07:22:25.966+02:00 DEBUG 21436 --- [cognitive-banking-application] [http-nio-8080-exec-10] c.cognitive.banking.service.CardService  : Fetching cards for user ID: e9cf7520-384e-47ec-aac2-ff2f8c62d7e0
2026-06-16T07:28:01.844+02:00 DEBUG 21436 --- [cognitive-banking-application] [http-nio-8080-exec-8] c.c.b.service.CustomUserDetailsService   : Loading user by email: john.doe@example.com
2026-06-16T07:28:01.848+02:00 DEBUG 21436 --- [cognitive-banking-application] [http-nio-8080-exec-8] c.c.b.service.CustomUserDetailsService   : User found: john.doe@example.com with role: CUSTOMER and status: ACTIVE
2026-06-16T07:28:01.878+02:00  INFO 21436 --- [cognitive-banking-application] [http-nio-8080-exec-8] c.c.b.c.t.TransactionController          : REST request to create transaction: PURCHASE
2026-06-16T07:28:01.895+02:00  WARN 21436 --- [cognitive-banking-application] [http-nio-8080-exec-8] c.c.b.c.t.TransactionController          : User john.doe@example.com attempted to create transaction for account: 40a1a958-57d6-43b0-afe8-fc8fb3c67fb1
2026-06-16T07:28:47.791+02:00 DEBUG 21436 --- [cognitive-banking-application] [http-nio-8080-exec-9] c.c.b.service.CustomUserDetailsService   : Loading user by email: john.doe@example.com
2026-06-16T07:28:47.800+02:00 DEBUG 21436 --- [cognitive-banking-application] [http-nio-8080-exec-9] c.c.b.service.CustomUserDetailsService   : User found: john.doe@example.com with role: CUSTOMER and status: ACTIVE
2026-06-16T07:28:47.843+02:00  INFO 21436 --- [cognitive-banking-application] [http-nio-8080-exec-9] c.c.b.c.t.TransactionController          : REST request to create transaction: PURCHASE
2026-06-16T07:28:47.851+02:00  WARN 21436 --- [cognitive-banking-application] [http-nio-8080-exec-9] c.c.b.c.t.TransactionController          : User john.doe@example.com attempted to create transaction for account: 40a1a958-57d6-43b0-afe8-fc8fb3c67fb1
2026-06-16T07:31:00.530+02:00 DEBUG 21436 --- [cognitive-banking-application] [http-nio-8080-exec-2] c.c.b.service.CustomUserDetailsService   : Loading user by email: john.doe@example.com
2026-06-16T07:31:00.535+02:00 DEBUG 21436 --- [cognitive-banking-application] [http-nio-8080-exec-2] c.c.b.service.CustomUserDetailsService   : User found: john.doe@example.com with role: CUSTOMER and status: ACTIVE
2026-06-16T07:31:00.576+02:00  WARN 21436 --- [cognitive-banking-application] [http-nio-8080-exec-2] .w.s.m.s.DefaultHandlerExceptionResolver : Resolved [org.springframework.web.method.annotation.MethodArgumentTypeMismatchException: Failed to convert value of type 'java.lang.String' to required type 'java.util.UUID'; Invalid UUID string: your-transaction-uuid-here]
2026-06-16T07:34:28.304+02:00 DEBUG 21436 --- [cognitive-banking-application] [http-nio-8080-exec-4] c.c.b.service.CustomUserDetailsService   : Loading user by email: john.doe@example.com
2026-06-16T07:34:28.308+02:00 DEBUG 21436 --- [cognitive-banking-application] [http-nio-8080-exec-4] c.c.b.service.CustomUserDetailsService   : User found: john.doe@example.com with role: CUSTOMER and status: ACTIVE
2026-06-16T07:34:28.327+02:00  INFO 21436 --- [cognitive-banking-application] [http-nio-8080-exec-4] c.c.b.c.t.TransactionController          : REST request to create transaction: PURCHASE
2026-06-16T07:34:28.348+02:00  WARN 21436 --- [cognitive-banking-application] [http-nio-8080-exec-4] c.c.b.c.t.TransactionController          : User john.doe@example.com attempted to create transaction for account: 40a1a958-57d6-43b0-afe8-fc8fb3c67fb1
2026-06-16T07:35:45.579+02:00 DEBUG 21436 --- [cognitive-banking-application] [http-nio-8080-exec-6] c.c.b.service.CustomUserDetailsService   : Loading user by email: john.doe@example.com
2026-06-16T07:35:45.582+02:00 DEBUG 21436 --- [cognitive-banking-application] [http-nio-8080-exec-6] c.c.b.service.CustomUserDetailsService   : User found: john.doe@example.com with role: CUSTOMER and status: ACTIVE
2026-06-16T07:35:45.594+02:00  INFO 21436 --- [cognitive-banking-application] [http-nio-8080-exec-6] c.c.b.c.t.TransactionController          : REST request to create transaction: PURCHASE
2026-06-16T07:35:45.601+02:00  WARN 21436 --- [cognitive-banking-application] [http-nio-8080-exec-6] c.c.b.c.t.TransactionController          : User john.doe@example.com attempted to create transaction for account: 40a1a958-57d6-43b0-afe8-fc8fb3c67fb1
2026-06-16T07:37:59.158+02:00  INFO 21436 --- [cognitive-banking-application] [SpringApplicationShutdownHook] org.quartz.core.QuartzScheduler          : Scheduler quartzScheduler_$_NON_CLUSTERED paused.
2026-06-16T07:37:59.254+02:00  INFO 21436 --- [cognitive-banking-application] [SpringApplicationShutdownHook] o.s.s.quartz.SchedulerFactoryBean        : Shutting down Quartz Scheduler
2026-06-16T07:37:59.255+02:00  INFO 21436 --- [cognitive-banking-application] [SpringApplicationShutdownHook] org.quartz.core.QuartzScheduler          : Scheduler quartzScheduler_$_NON_CLUSTERED shutting down.
2026-06-16T07:37:59.256+02:00  INFO 21436 --- [cognitive-banking-application] [SpringApplicationShutdownHook] org.quartz.core.QuartzScheduler          : Scheduler quartzScheduler_$_NON_CLUSTERED paused.
2026-06-16T07:37:59.257+02:00  INFO 21436 --- [cognitive-banking-application] [SpringApplicationShutdownHook] org.quartz.core.QuartzScheduler          : Scheduler quartzScheduler_$_NON_CLUSTERED shutdown complete.
2026-06-16T07:37:59.318+02:00  INFO 21436 --- [cognitive-banking-application] [SpringApplicationShutdownHook] j.LocalContainerEntityManagerFactoryBean : Closing JPA EntityManagerFactory for persistence unit 'default'
2026-06-16T07:37:59.338+02:00  INFO 21436 --- [cognitive-banking-application] [SpringApplicationShutdownHook] com.zaxxer.hikari.HikariDataSource       : HikariPool-1 - Shutdown initiated...
2026-06-16T07:37:59.343+02:00  INFO 21436 --- [cognitive-banking-application] [SpringApplicationShutdownHook] com.zaxxer.hikari.HikariDataSource       : HikariPool-1 - Shutdown completed.
2026-06-16T07:38:42.436+02:00  INFO 16508 --- [cognitive-banking-application] [main] c.c.banking.CognitiveBankingApplication  : Starting CognitiveBankingApplication using Java 24.0.2 with PID 16508 (C:\Users\FUMUFHELO\IdeaProjects\cognitive-banking-application\target\classes started by FUMUFHELO in C:\Users\FUMUFHELO\IdeaProjects\cognitive-banking-application)
2026-06-16T07:38:42.440+02:00 DEBUG 16508 --- [cognitive-banking-application] [main] c.c.banking.CognitiveBankingApplication  : Running with Spring Boot v3.2.0, Spring v6.1.1
2026-06-16T07:38:42.442+02:00  INFO 16508 --- [cognitive-banking-application] [main] c.c.banking.CognitiveBankingApplication  : No active profile set, falling back to 1 default profile: "default"
2026-06-16T07:38:45.780+02:00  INFO 16508 --- [cognitive-banking-application] [main] .s.d.r.c.RepositoryConfigurationDelegate : Multiple Spring Data modules found, entering strict repository configuration mode
2026-06-16T07:38:45.783+02:00  INFO 16508 --- [cognitive-banking-application] [main] .s.d.r.c.RepositoryConfigurationDelegate : Bootstrapping Spring Data JPA repositories in DEFAULT mode.
2026-06-16T07:38:46.278+02:00  INFO 16508 --- [cognitive-banking-application] [main] .s.d.r.c.RepositoryConfigurationDelegate : Finished Spring Data repository scanning in 475 ms. Found 6 JPA repository interfaces.
2026-06-16T07:38:46.320+02:00  INFO 16508 --- [cognitive-banking-application] [main] .s.d.r.c.RepositoryConfigurationDelegate : Multiple Spring Data modules found, entering strict repository configuration mode
2026-06-16T07:38:46.323+02:00  INFO 16508 --- [cognitive-banking-application] [main] .s.d.r.c.RepositoryConfigurationDelegate : Bootstrapping Spring Data Redis repositories in DEFAULT mode.
2026-06-16T07:38:46.379+02:00  INFO 16508 --- [cognitive-banking-application] [main] .RepositoryConfigurationExtensionSupport : Spring Data Redis - Could not safely identify store assignment for repository candidate interface com.cognitive.banking.repository.AccountRepository; If you want this repository to be a Redis repository, consider annotating your entities with one of these annotations: org.springframework.data.redis.core.RedisHash (preferred), or consider extending one of the following types with your repository: org.springframework.data.keyvalue.repository.KeyValueRepository
2026-06-16T07:38:46.380+02:00  INFO 16508 --- [cognitive-banking-application] [main] .RepositoryConfigurationExtensionSupport : Spring Data Redis - Could not safely identify store assignment for repository candidate interface com.cognitive.banking.repository.CardRepository; If you want this repository to be a Redis repository, consider annotating your entities with one of these annotations: org.springframework.data.redis.core.RedisHash (preferred), or consider extending one of the following types with your repository: org.springframework.data.keyvalue.repository.KeyValueRepository
2026-06-16T07:38:46.381+02:00  INFO 16508 --- [cognitive-banking-application] [main] .RepositoryConfigurationExtensionSupport : Spring Data Redis - Could not safely identify store assignment for repository candidate interface com.cognitive.banking.repository.LoanPaymentRepository; If you want this repository to be a Redis repository, consider annotating your entities with one of these annotations: org.springframework.data.redis.core.RedisHash (preferred), or consider extending one of the following types with your repository: org.springframework.data.keyvalue.repository.KeyValueRepository
2026-06-16T07:38:46.382+02:00  INFO 16508 --- [cognitive-banking-application] [main] .RepositoryConfigurationExtensionSupport : Spring Data Redis - Could not safely identify store assignment for repository candidate interface com.cognitive.banking.repository.LoanRepository; If you want this repository to be a Redis repository, consider annotating your entities with one of these annotations: org.springframework.data.redis.core.RedisHash (preferred), or consider extending one of the following types with your repository: org.springframework.data.keyvalue.repository.KeyValueRepository
2026-06-16T07:38:46.384+02:00  INFO 16508 --- [cognitive-banking-application] [main] .RepositoryConfigurationExtensionSupport : Spring Data Redis - Could not safely identify store assignment for repository candidate interface com.cognitive.banking.repository.TransactionRepository; If you want this repository to be a Redis repository, consider annotating your entities with one of these annotations: org.springframework.data.redis.core.RedisHash (preferred), or consider extending one of the following types with your repository: org.springframework.data.keyvalue.repository.KeyValueRepository
2026-06-16T07:38:46.385+02:00  INFO 16508 --- [cognitive-banking-application] [main] .RepositoryConfigurationExtensionSupport : Spring Data Redis - Could not safely identify store assignment for repository candidate interface com.cognitive.banking.repository.UserRepository; If you want this repository to be a Redis repository, consider annotating your entities with one of these annotations: org.springframework.data.redis.core.RedisHash (preferred), or consider extending one of the following types with your repository: org.springframework.data.keyvalue.repository.KeyValueRepository
2026-06-16T07:38:46.386+02:00  INFO 16508 --- [cognitive-banking-application] [main] .s.d.r.c.RepositoryConfigurationDelegate : Finished Spring Data repository scanning in 35 ms. Found 0 Redis repository interfaces.
2026-06-16T07:38:49.574+02:00  INFO 16508 --- [cognitive-banking-application] [main] o.s.b.w.embedded.tomcat.TomcatWebServer  : Tomcat initialized with port 8080 (http)
2026-06-16T07:38:49.598+02:00  INFO 16508 --- [cognitive-banking-application] [main] o.apache.catalina.core.StandardService   : Starting service [Tomcat]
2026-06-16T07:38:49.599+02:00  INFO 16508 --- [cognitive-banking-application] [main] o.apache.catalina.core.StandardEngine    : Starting Servlet engine: [Apache Tomcat/10.1.16]
2026-06-16T07:38:49.846+02:00  INFO 16508 --- [cognitive-banking-application] [main] o.a.c.c.C.[.[.[/api/cognitive/bank]      : Initializing Spring embedded WebApplicationContext
2026-06-16T07:38:49.847+02:00  INFO 16508 --- [cognitive-banking-application] [main] w.s.c.ServletWebServerApplicationContext : Root WebApplicationContext: initialization completed in 7245 ms
2026-06-16T07:38:51.102+02:00  INFO 16508 --- [cognitive-banking-application] [main] com.zaxxer.hikari.HikariDataSource       : HikariPool-1 - Starting...
2026-06-16T07:38:51.611+02:00  INFO 16508 --- [cognitive-banking-application] [main] com.zaxxer.hikari.pool.HikariPool        : HikariPool-1 - Added connection conn0: url=jdbc:h2:mem:7d7cc3ae-71ee-489d-a9b6-67b0894ebb29 user=SA
2026-06-16T07:38:51.614+02:00  INFO 16508 --- [cognitive-banking-application] [main] com.zaxxer.hikari.HikariDataSource       : HikariPool-1 - Start completed.
2026-06-16T07:38:51.846+02:00  INFO 16508 --- [cognitive-banking-application] [main] o.f.c.internal.license.VersionPrinter    : Flyway Community Edition 9.22.3 by Redgate
2026-06-16T07:38:51.847+02:00  INFO 16508 --- [cognitive-banking-application] [main] o.f.c.internal.license.VersionPrinter    : See release notes here: https://rd.gt/416ObMi
2026-06-16T07:38:51.847+02:00  INFO 16508 --- [cognitive-banking-application] [main] o.f.c.internal.license.VersionPrinter    : 
2026-06-16T07:38:51.955+02:00  INFO 16508 --- [cognitive-banking-application] [main] org.flywaydb.core.FlywayExecutor         : Database: jdbc:h2:mem:7d7cc3ae-71ee-489d-a9b6-67b0894ebb29 (H2 2.2)
2026-06-16T07:38:51.969+02:00  WARN 16508 --- [cognitive-banking-application] [main] o.f.c.internal.database.base.Database    : Flyway upgrade recommended: H2 2.2.224 is newer than this version of Flyway and support has not been tested. The latest supported version of H2 is 2.2.220.
2026-06-16T07:38:52.048+02:00  INFO 16508 --- [cognitive-banking-application] [main] o.f.c.i.s.JdbcTableSchemaHistory         : Schema history table "PUBLIC"."flyway_schema_history" does not exist yet
2026-06-16T07:38:52.055+02:00  INFO 16508 --- [cognitive-banking-application] [main] o.f.core.internal.command.DbValidate     : Successfully validated 6 migrations (execution time 00:00.050s)
2026-06-16T07:38:52.073+02:00  INFO 16508 --- [cognitive-banking-application] [main] o.f.c.i.s.JdbcTableSchemaHistory         : Creating Schema History table "PUBLIC"."flyway_schema_history" ...
2026-06-16T07:38:52.148+02:00  INFO 16508 --- [cognitive-banking-application] [main] o.f.core.internal.command.DbMigrate      : Current version of schema "PUBLIC": << Empty Schema >>
2026-06-16T07:38:52.177+02:00  INFO 16508 --- [cognitive-banking-application] [main] o.f.core.internal.command.DbMigrate      : Migrating schema "PUBLIC" to version "1 - create users table"
2026-06-16T07:38:52.254+02:00  INFO 16508 --- [cognitive-banking-application] [main] o.f.core.internal.command.DbMigrate      : Migrating schema "PUBLIC" to version "2 - create accounts table"
2026-06-16T07:38:52.332+02:00  INFO 16508 --- [cognitive-banking-application] [main] o.f.core.internal.command.DbMigrate      : Migrating schema "PUBLIC" to version "3 - create cards table"
2026-06-16T07:38:52.381+02:00  INFO 16508 --- [cognitive-banking-application] [main] o.f.core.internal.command.DbMigrate      : Migrating schema "PUBLIC" to version "4 - create loans table"
2026-06-16T07:38:52.417+02:00  INFO 16508 --- [cognitive-banking-application] [main] o.f.core.internal.command.DbMigrate      : Migrating schema "PUBLIC" to version "5 - create loan payments table"
2026-06-16T07:38:52.463+02:00  INFO 16508 --- [cognitive-banking-application] [main] o.f.core.internal.command.DbMigrate      : Migrating schema "PUBLIC" to version "6 - create transactions table"
2026-06-16T07:38:52.508+02:00  INFO 16508 --- [cognitive-banking-application] [main] o.f.core.internal.command.DbMigrate      : Successfully applied 6 migrations to schema "PUBLIC", now at version v6 (execution time 00:00.207s)
2026-06-16T07:38:52.903+02:00  INFO 16508 --- [cognitive-banking-application] [main] o.hibernate.jpa.internal.util.LogHelper  : HHH000204: Processing PersistenceUnitInfo [name: default]
2026-06-16T07:38:53.056+02:00  INFO 16508 --- [cognitive-banking-application] [main] org.hibernate.Version                    : HHH000412: Hibernate ORM core version 6.3.1.Final
2026-06-16T07:38:53.165+02:00  INFO 16508 --- [cognitive-banking-application] [main] o.h.c.internal.RegionFactoryInitiator    : HHH000026: Second-level cache disabled
2026-06-16T07:38:53.838+02:00  INFO 16508 --- [cognitive-banking-application] [main] o.s.o.j.p.SpringPersistenceUnitInfo      : No LoadTimeWeaver setup: ignoring JPA class transformer
2026-06-16T07:38:57.005+02:00  INFO 16508 --- [cognitive-banking-application] [main] o.h.e.t.j.p.i.JtaPlatformInitiator       : HHH000489: No JTA platform available (set 'hibernate.transaction.jta.platform' to enable JTA platform integration)
2026-06-16T07:38:57.017+02:00  INFO 16508 --- [cognitive-banking-application] [main] j.LocalContainerEntityManagerFactoryBean : Initialized JPA EntityManagerFactory for persistence unit 'default'
2026-06-16T07:38:58.123+02:00  INFO 16508 --- [cognitive-banking-application] [main] o.s.d.j.r.query.QueryEnhancerFactory     : Hibernate is in classpath; If applicable, HQL parser will be used.
2026-06-16T07:39:00.470+02:00 DEBUG 16508 --- [cognitive-banking-application] [main] c.c.b.security.JwtAuthenticationFilter   : Filter 'jwtAuthenticationFilter' configured for use
2026-06-16T07:39:10.376+02:00  INFO 16508 --- [cognitive-banking-application] [main] o.s.b.a.e.web.EndpointLinksResolver      : Exposing 4 endpoint(s) beneath base path '/actuator'
2026-06-16T07:39:10.981+02:00  INFO 16508 --- [cognitive-banking-application] [main] o.s.s.web.DefaultSecurityFilterChain     : Will secure any request with [org.springframework.security.web.session.DisableEncodeUrlFilter@3dc03beb, org.springframework.security.web.context.request.async.WebAsyncManagerIntegrationFilter@5d1e33e5, org.springframework.security.web.context.SecurityContextHolderFilter@52b32890, org.springframework.security.web.header.HeaderWriterFilter@208633f9, org.springframework.web.filter.CorsFilter@504eab5f, org.springframework.security.web.authentication.logout.LogoutFilter@6452da5f, com.cognitive.banking.security.JwtAuthenticationFilter@4219e848, org.springframework.security.web.savedrequest.RequestCacheAwareFilter@4fe34d9d, org.springframework.security.web.servletapi.SecurityContextHolderAwareRequestFilter@79a81a4f, org.springframework.security.web.authentication.AnonymousAuthenticationFilter@41e43c90, org.springframework.security.web.session.SessionManagementFilter@4285e6ae, org.springframework.security.web.access.ExceptionTranslationFilter@64f9809e, org.springframework.security.web.access.intercept.AuthorizationFilter@48cfefdb]
2026-06-16T07:39:15.815+02:00  INFO 16508 --- [cognitive-banking-application] [main] org.quartz.impl.StdSchedulerFactory      : Using default implementation for ThreadExecutor
2026-06-16T07:39:15.921+02:00  INFO 16508 --- [cognitive-banking-application] [main] org.quartz.core.SchedulerSignalerImpl    : Initialized Scheduler Signaller of type: class org.quartz.core.SchedulerSignalerImpl
2026-06-16T07:39:15.954+02:00  INFO 16508 --- [cognitive-banking-application] [main] org.quartz.core.QuartzScheduler          : Quartz Scheduler v.2.3.2 created.
2026-06-16T07:39:16.008+02:00  INFO 16508 --- [cognitive-banking-application] [main] org.quartz.simpl.RAMJobStore             : RAMJobStore initialized.
2026-06-16T07:39:16.011+02:00  INFO 16508 --- [cognitive-banking-application] [main] org.quartz.core.QuartzScheduler          : Scheduler meta-data: Quartz Scheduler (v2.3.2) 'quartzScheduler' with instanceId 'NON_CLUSTERED'
  Scheduler class: 'org.quartz.core.QuartzScheduler' - running locally.
  NOT STARTED.
  Currently in standby mode.
  Number of jobs executed: 0
  Using thread pool 'org.quartz.simpl.SimpleThreadPool' - with 10 threads.
  Using job-store 'org.quartz.simpl.RAMJobStore' - which does not support persistence. and is not clustered.

2026-06-16T07:39:16.012+02:00  INFO 16508 --- [cognitive-banking-application] [main] org.quartz.impl.StdSchedulerFactory      : Quartz scheduler 'quartzScheduler' initialized from an externally provided properties instance.
2026-06-16T07:39:16.012+02:00  INFO 16508 --- [cognitive-banking-application] [main] org.quartz.impl.StdSchedulerFactory      : Quartz scheduler version: 2.3.2
2026-06-16T07:39:16.013+02:00  INFO 16508 --- [cognitive-banking-application] [main] org.quartz.core.QuartzScheduler          : JobFactory set to: org.springframework.scheduling.quartz.SpringBeanJobFactory@3111291c
2026-06-16T07:39:17.021+02:00  INFO 16508 --- [cognitive-banking-application] [main] o.s.b.w.embedded.tomcat.TomcatWebServer  : Tomcat started on port 8080 (http) with context path '/api/cognitive/bank'
2026-06-16T07:39:17.023+02:00  INFO 16508 --- [cognitive-banking-application] [main] o.s.s.quartz.SchedulerFactoryBean        : Starting Quartz Scheduler now
2026-06-16T07:39:17.024+02:00  INFO 16508 --- [cognitive-banking-application] [main] org.quartz.core.QuartzScheduler          : Scheduler quartzScheduler_$_NON_CLUSTERED started.
2026-06-16T07:39:17.075+02:00  INFO 16508 --- [cognitive-banking-application] [main] c.c.banking.CognitiveBankingApplication  : Started CognitiveBankingApplication in 35.769 seconds (process running for 36.907)
2026-06-16T07:39:21.784+02:00  INFO 16508 --- [cognitive-banking-application] [http-nio-8080-exec-1] o.a.c.c.C.[.[.[/api/cognitive/bank]      : Initializing Spring DispatcherServlet 'dispatcherServlet'
2026-06-16T07:39:21.785+02:00  INFO 16508 --- [cognitive-banking-application] [http-nio-8080-exec-1] o.s.web.servlet.DispatcherServlet        : Initializing Servlet 'dispatcherServlet'
2026-06-16T07:39:21.793+02:00  INFO 16508 --- [cognitive-banking-application] [http-nio-8080-exec-1] o.s.web.servlet.DispatcherServlet        : Completed initialization in 6 ms
2026-06-16T07:39:21.929+02:00  WARN 16508 --- [cognitive-banking-application] [http-nio-8080-exec-1] o.s.w.s.h.HandlerMappingIntrospector     : Cache miss for REQUEST dispatch to '/api/cognitive/bank/auth/register' (previous null). Performing MatchableHandlerMapping lookup. This is logged once only at WARN level, and every time at TRACE.
2026-06-16T07:39:22.547+02:00  INFO 16508 --- [cognitive-banking-application] [http-nio-8080-exec-1] c.cognitive.banking.service.AuthService  : Registering user: admin@cognitivebank.com
2026-06-16T07:39:23.485+02:00  INFO 16508 --- [cognitive-banking-application] [http-nio-8080-exec-1] c.cognitive.banking.service.AuthService  : User registered successfully: admin@cognitivebank.com (Total users: 1)
2026-06-16T07:39:44.850+02:00  INFO 16508 --- [cognitive-banking-application] [http-nio-8080-exec-2] c.cognitive.banking.service.AuthService  : Registering user: john.doe@example.com
2026-06-16T07:39:45.128+02:00  INFO 16508 --- [cognitive-banking-application] [http-nio-8080-exec-2] c.cognitive.banking.service.AuthService  : User registered successfully: john.doe@example.com (Total users: 2)
2026-06-16T07:45:39.787+02:00 DEBUG 16508 --- [cognitive-banking-application] [http-nio-8080-exec-6] c.c.b.service.CustomUserDetailsService   : Loading user by email: john.doe@example.com
2026-06-16T07:45:39.951+02:00 DEBUG 16508 --- [cognitive-banking-application] [http-nio-8080-exec-6] c.c.b.service.CustomUserDetailsService   : User found: john.doe@example.com with role: CUSTOMER and status: ACTIVE
2026-06-16T07:45:40.018+02:00  INFO 16508 --- [cognitive-banking-application] [http-nio-8080-exec-6] c.c.b.c.accounts.AccountController       : REST request to create account for user: 7a4b4564-8eec-4a0e-88b7-63ccebdf0c48
2026-06-16T07:45:40.047+02:00  INFO 16508 --- [cognitive-banking-application] [http-nio-8080-exec-6] c.c.banking.service.AccountService       : Creating new account for user ID: 7a4b4564-8eec-4a0e-88b7-63ccebdf0c48
2026-06-16T07:45:40.153+02:00  INFO 16508 --- [cognitive-banking-application] [http-nio-8080-exec-6] c.c.banking.service.AccountService       : Account created successfully with number: 254065818474
2026-06-16T07:45:58.901+02:00 DEBUG 16508 --- [cognitive-banking-application] [http-nio-8080-exec-7] c.c.b.service.CustomUserDetailsService   : Loading user by email: admin@cognitivebank.com
2026-06-16T07:45:58.907+02:00 DEBUG 16508 --- [cognitive-banking-application] [http-nio-8080-exec-7] c.c.b.service.CustomUserDetailsService   : User found: admin@cognitivebank.com with role: ADMIN and status: ACTIVE
2026-06-16T07:45:58.926+02:00  INFO 16508 --- [cognitive-banking-application] [http-nio-8080-exec-7] c.c.b.c.accounts.AccountController       : REST request to create account for user: 7a4b4564-8eec-4a0e-88b7-63ccebdf0c48
2026-06-16T07:45:58.930+02:00  INFO 16508 --- [cognitive-banking-application] [http-nio-8080-exec-7] c.c.banking.service.AccountService       : Creating new account for user ID: 7a4b4564-8eec-4a0e-88b7-63ccebdf0c48
2026-06-16T07:45:58.964+02:00  INFO 16508 --- [cognitive-banking-application] [http-nio-8080-exec-7] c.c.banking.service.AccountService       : Account created successfully with number: 851549690818
2026-06-16T07:47:05.020+02:00 DEBUG 16508 --- [cognitive-banking-application] [http-nio-8080-exec-8] c.c.b.service.CustomUserDetailsService   : Loading user by email: john.doe@example.com
2026-06-16T07:47:05.024+02:00 DEBUG 16508 --- [cognitive-banking-application] [http-nio-8080-exec-8] c.c.b.service.CustomUserDetailsService   : User found: john.doe@example.com with role: CUSTOMER and status: ACTIVE
2026-06-16T07:47:05.082+02:00 DEBUG 16508 --- [cognitive-banking-application] [http-nio-8080-exec-8] c.c.b.c.accounts.AccountController       : REST request to get account by ID: 4614369a-eea7-4b9e-92a5-9c67462fe27e
2026-06-16T07:47:20.388+02:00 DEBUG 16508 --- [cognitive-banking-application] [http-nio-8080-exec-10] c.c.b.service.CustomUserDetailsService   : Loading user by email: john.doe@example.com
2026-06-16T07:47:20.395+02:00 DEBUG 16508 --- [cognitive-banking-application] [http-nio-8080-exec-10] c.c.b.service.CustomUserDetailsService   : User found: john.doe@example.com with role: CUSTOMER and status: ACTIVE
2026-06-16T07:47:20.445+02:00 DEBUG 16508 --- [cognitive-banking-application] [http-nio-8080-exec-10] c.c.b.c.accounts.AccountController       : REST request to get account by ID: 4614369a-eea7-4b9e-92a5-9c67462fe27e
2026-06-16T07:47:51.195+02:00 DEBUG 16508 --- [cognitive-banking-application] [http-nio-8080-exec-2] c.c.b.service.CustomUserDetailsService   : Loading user by email: john.doe@example.com
2026-06-16T07:47:51.204+02:00 DEBUG 16508 --- [cognitive-banking-application] [http-nio-8080-exec-2] c.c.b.service.CustomUserDetailsService   : User found: john.doe@example.com with role: CUSTOMER and status: ACTIVE
2026-06-16T07:47:51.254+02:00 DEBUG 16508 --- [cognitive-banking-application] [http-nio-8080-exec-2] c.c.b.c.accounts.AccountController       : REST request to get account by ID: 4614369a-eea7-4b9e-92a5-9c67462fe27e
2026-06-16T07:49:31.079+02:00 DEBUG 16508 --- [cognitive-banking-application] [http-nio-8080-exec-4] c.c.b.service.CustomUserDetailsService   : Loading user by email: john.doe@example.com
2026-06-16T07:49:31.084+02:00 DEBUG 16508 --- [cognitive-banking-application] [http-nio-8080-exec-4] c.c.b.service.CustomUserDetailsService   : User found: john.doe@example.com with role: CUSTOMER and status: ACTIVE
2026-06-16T07:49:31.109+02:00 DEBUG 16508 --- [cognitive-banking-application] [http-nio-8080-exec-4] c.c.b.c.accounts.AccountController       : REST request to get account by ID: 4614369a-eea7-4b9e-92a5-9c67462fe27e
2026-06-16T07:51:23.476+02:00 DEBUG 16508 --- [cognitive-banking-application] [http-nio-8080-exec-6] c.c.b.service.CustomUserDetailsService   : Loading user by email: john.doe@example.com
2026-06-16T07:51:23.480+02:00 DEBUG 16508 --- [cognitive-banking-application] [http-nio-8080-exec-6] c.c.b.service.CustomUserDetailsService   : User found: john.doe@example.com with role: CUSTOMER and status: ACTIVE
2026-06-16T07:51:23.531+02:00 DEBUG 16508 --- [cognitive-banking-application] [http-nio-8080-exec-6] c.c.b.c.accounts.AccountController       : REST request to get account by number
2026-06-16T07:51:23.532+02:00 DEBUG 16508 --- [cognitive-banking-application] [http-nio-8080-exec-6] c.c.banking.service.AccountService       : Fetching account by number: ****8474
2026-06-16T07:51:36.739+02:00 DEBUG 16508 --- [cognitive-banking-application] [http-nio-8080-exec-7] c.c.b.service.CustomUserDetailsService   : Loading user by email: john.doe@example.com
2026-06-16T07:51:36.744+02:00 DEBUG 16508 --- [cognitive-banking-application] [http-nio-8080-exec-7] c.c.b.service.CustomUserDetailsService   : User found: john.doe@example.com with role: CUSTOMER and status: ACTIVE
2026-06-16T07:51:36.769+02:00  INFO 16508 --- [cognitive-banking-application] [http-nio-8080-exec-7] c.c.b.c.accounts.AccountController       : REST request to get accounts for user: 7a4b4564-8eec-4a0e-88b7-63ccebdf0c48
2026-06-16T07:51:36.773+02:00 DEBUG 16508 --- [cognitive-banking-application] [http-nio-8080-exec-7] c.c.banking.service.AccountService       : Fetching accounts for user ID: 7a4b4564-8eec-4a0e-88b7-63ccebdf0c48
2026-06-16T07:51:50.757+02:00 DEBUG 16508 --- [cognitive-banking-application] [http-nio-8080-exec-8] c.c.b.service.CustomUserDetailsService   : Loading user by email: john.doe@example.com
2026-06-16T07:51:50.761+02:00 DEBUG 16508 --- [cognitive-banking-application] [http-nio-8080-exec-8] c.c.b.service.CustomUserDetailsService   : User found: john.doe@example.com with role: CUSTOMER and status: ACTIVE
2026-06-16T07:51:50.783+02:00  INFO 16508 --- [cognitive-banking-application] [http-nio-8080-exec-8] c.c.b.c.accounts.AccountController       : REST request to get accounts for current user: john.doe@example.com
2026-06-16T07:51:50.795+02:00 DEBUG 16508 --- [cognitive-banking-application] [http-nio-8080-exec-8] c.c.banking.service.AccountService       : Fetching accounts for user ID: 7a4b4564-8eec-4a0e-88b7-63ccebdf0c48
2026-06-16T07:51:59.949+02:00 DEBUG 16508 --- [cognitive-banking-application] [http-nio-8080-exec-9] c.c.b.service.CustomUserDetailsService   : Loading user by email: admin@cognitivebank.com
2026-06-16T07:51:59.955+02:00 DEBUG 16508 --- [cognitive-banking-application] [http-nio-8080-exec-9] c.c.b.service.CustomUserDetailsService   : User found: admin@cognitivebank.com with role: ADMIN and status: ACTIVE
2026-06-16T07:51:59.973+02:00  INFO 16508 --- [cognitive-banking-application] [http-nio-8080-exec-9] c.c.b.c.accounts.AccountController       : REST request to get all accounts (Admin)
2026-06-16T07:51:59.976+02:00  INFO 16508 --- [cognitive-banking-application] [http-nio-8080-exec-9] c.c.banking.service.AccountService       : Fetching all accounts
2026-06-16T07:52:09.434+02:00 DEBUG 16508 --- [cognitive-banking-application] [http-nio-8080-exec-1] c.c.b.service.CustomUserDetailsService   : Loading user by email: john.doe@example.com
2026-06-16T07:52:09.438+02:00 DEBUG 16508 --- [cognitive-banking-application] [http-nio-8080-exec-1] c.c.b.service.CustomUserDetailsService   : User found: john.doe@example.com with role: CUSTOMER and status: ACTIVE
2026-06-16T07:52:09.462+02:00  INFO 16508 --- [cognitive-banking-application] [http-nio-8080-exec-1] c.c.b.c.accounts.AccountController       : REST request to get total balance for user: john.doe@example.com
2026-06-16T07:52:18.998+02:00 DEBUG 16508 --- [cognitive-banking-application] [http-nio-8080-exec-3] c.c.b.service.CustomUserDetailsService   : Loading user by email: john.doe@example.com
2026-06-16T07:52:19.002+02:00 DEBUG 16508 --- [cognitive-banking-application] [http-nio-8080-exec-3] c.c.b.service.CustomUserDetailsService   : User found: john.doe@example.com with role: CUSTOMER and status: ACTIVE
2026-06-16T07:52:38.885+02:00 DEBUG 16508 --- [cognitive-banking-application] [http-nio-8080-exec-5] c.c.b.service.CustomUserDetailsService   : Loading user by email: admin@cognitivebank.com
2026-06-16T07:52:38.892+02:00 DEBUG 16508 --- [cognitive-banking-application] [http-nio-8080-exec-5] c.c.b.service.CustomUserDetailsService   : User found: admin@cognitivebank.com with role: ADMIN and status: ACTIVE
2026-06-16T07:52:38.932+02:00  INFO 16508 --- [cognitive-banking-application] [http-nio-8080-exec-5] c.c.b.c.accounts.AccountController       : REST request to update status for account: 4614369a-eea7-4b9e-92a5-9c67462fe27e to FROZEN
2026-06-16T07:52:38.934+02:00  INFO 16508 --- [cognitive-banking-application] [http-nio-8080-exec-5] c.c.banking.service.AccountService       : Updating account status to FROZEN for account ID: 4614369a-eea7-4b9e-92a5-9c67462fe27e
2026-06-16T07:52:39.015+02:00  INFO 16508 --- [cognitive-banking-application] [http-nio-8080-exec-5] c.c.banking.service.AccountService       : Account status updated successfully from ACTIVE to FROZEN
2026-06-16T07:52:47.099+02:00 DEBUG 16508 --- [cognitive-banking-application] [http-nio-8080-exec-6] c.c.b.service.CustomUserDetailsService   : Loading user by email: john.doe@example.com
2026-06-16T07:52:47.112+02:00 DEBUG 16508 --- [cognitive-banking-application] [http-nio-8080-exec-6] c.c.b.service.CustomUserDetailsService   : User found: john.doe@example.com with role: CUSTOMER and status: ACTIVE
2026-06-16T07:53:02.031+02:00 DEBUG 16508 --- [cognitive-banking-application] [http-nio-8080-exec-8] c.c.b.service.CustomUserDetailsService   : Loading user by email: admin@cognitivebank.com
2026-06-16T07:53:02.043+02:00 DEBUG 16508 --- [cognitive-banking-application] [http-nio-8080-exec-8] c.c.b.service.CustomUserDetailsService   : User found: admin@cognitivebank.com with role: ADMIN and status: ACTIVE
2026-06-16T07:53:02.067+02:00  INFO 16508 --- [cognitive-banking-application] [http-nio-8080-exec-8] c.c.b.c.accounts.AccountController       : REST request to update status for account: 4614369a-eea7-4b9e-92a5-9c67462fe27e to ACTIVE
2026-06-16T07:53:02.071+02:00  INFO 16508 --- [cognitive-banking-application] [http-nio-8080-exec-8] c.c.banking.service.AccountService       : Updating account status to ACTIVE for account ID: 4614369a-eea7-4b9e-92a5-9c67462fe27e
2026-06-16T07:53:02.110+02:00  INFO 16508 --- [cognitive-banking-application] [http-nio-8080-exec-8] c.c.banking.service.AccountService       : Account status updated successfully from FROZEN to ACTIVE
2026-06-16T07:53:23.228+02:00 DEBUG 16508 --- [cognitive-banking-application] [http-nio-8080-exec-10] c.c.b.service.CustomUserDetailsService   : Loading user by email: john.doe@example.com
2026-06-16T07:53:23.233+02:00 DEBUG 16508 --- [cognitive-banking-application] [http-nio-8080-exec-10] c.c.b.service.CustomUserDetailsService   : User found: john.doe@example.com with role: CUSTOMER and status: ACTIVE
2026-06-16T07:53:23.266+02:00  INFO 16508 --- [cognitive-banking-application] [http-nio-8080-exec-10] c.c.b.c.accounts.AccountController       : REST request to update account: 4614369a-eea7-4b9e-92a5-9c67462fe27e
2026-06-16T07:54:32.671+02:00 DEBUG 16508 --- [cognitive-banking-application] [http-nio-8080-exec-2] c.c.b.service.CustomUserDetailsService   : Loading user by email: john.doe@example.com
2026-06-16T07:54:32.676+02:00 DEBUG 16508 --- [cognitive-banking-application] [http-nio-8080-exec-2] c.c.b.service.CustomUserDetailsService   : User found: john.doe@example.com with role: CUSTOMER and status: ACTIVE
2026-06-16T07:54:32.693+02:00  INFO 16508 --- [cognitive-banking-application] [http-nio-8080-exec-2] c.c.b.c.accounts.AccountController       : REST request to update account: 4614369a-eea7-4b9e-92a5-9c67462fe27e
2026-06-16T07:55:20.871+02:00 DEBUG 16508 --- [cognitive-banking-application] [http-nio-8080-exec-4] c.c.b.service.CustomUserDetailsService   : Loading user by email: john.doe@example.com
2026-06-16T07:55:20.875+02:00 DEBUG 16508 --- [cognitive-banking-application] [http-nio-8080-exec-4] c.c.b.service.CustomUserDetailsService   : User found: john.doe@example.com with role: CUSTOMER and status: ACTIVE
2026-06-16T07:55:20.894+02:00  INFO 16508 --- [cognitive-banking-application] [http-nio-8080-exec-4] c.c.b.c.accounts.AccountController       : REST request to update account: 4614369a-eea7-4b9e-92a5-9c67462fe27e
2026-06-16T07:57:23.113+02:00  INFO 16508 --- [cognitive-banking-application] [SpringApplicationShutdownHook] org.quartz.core.QuartzScheduler          : Scheduler quartzScheduler_$_NON_CLUSTERED paused.
2026-06-16T07:57:23.192+02:00  INFO 16508 --- [cognitive-banking-application] [SpringApplicationShutdownHook] o.s.s.quartz.SchedulerFactoryBean        : Shutting down Quartz Scheduler
2026-06-16T07:57:23.193+02:00  INFO 16508 --- [cognitive-banking-application] [SpringApplicationShutdownHook] org.quartz.core.QuartzScheduler          : Scheduler quartzScheduler_$_NON_CLUSTERED shutting down.
2026-06-16T07:57:23.196+02:00  INFO 16508 --- [cognitive-banking-application] [SpringApplicationShutdownHook] org.quartz.core.QuartzScheduler          : Scheduler quartzScheduler_$_NON_CLUSTERED paused.
2026-06-16T07:57:23.197+02:00  INFO 16508 --- [cognitive-banking-application] [SpringApplicationShutdownHook] org.quartz.core.QuartzScheduler          : Scheduler quartzScheduler_$_NON_CLUSTERED shutdown complete.
2026-06-16T07:57:23.253+02:00  INFO 16508 --- [cognitive-banking-application] [SpringApplicationShutdownHook] j.LocalContainerEntityManagerFactoryBean : Closing JPA EntityManagerFactory for persistence unit 'default'
2026-06-16T07:57:23.282+02:00  INFO 16508 --- [cognitive-banking-application] [SpringApplicationShutdownHook] com.zaxxer.hikari.HikariDataSource       : HikariPool-1 - Shutdown initiated...
2026-06-16T07:57:23.322+02:00  INFO 16508 --- [cognitive-banking-application] [SpringApplicationShutdownHook] com.zaxxer.hikari.HikariDataSource       : HikariPool-1 - Shutdown completed.
