User Creation Log - Mon Dec 22 10:57:24 SAST 2025
=== Request 1 ===
Endpoint: POST http://127.0.0.1:56460/api/cognitive/bank/users
Payload: {
    "email": "ethan.brooks0@example.com",
    "password": "Password123!",
    "firstName": "Ethan",
    "lastName": "Brooks",
    "phone": "+11445555852",
    "dateOfBirth": "2005-02-07",
    "role": "SUPPORT",
    "status": "INACTIVE"
}
Response time: 0.000275s (total: 0s)
HTTP Status: 000
Response body: 

=== Request 2 ===
Endpoint: POST http://127.0.0.1:56460/api/cognitive/bank/users
Payload: {
    "email": "sophia.johnson1@example.com",
    "password": "Password123!",
    "firstName": "Sophia",
    "lastName": "Johnson",
    "phone": "+19605550817",
    "dateOfBirth": "2017-04-10",
    "role": "SUPPORT",
    "status": "INACTIVE"
}
Response time: 0.000260s (total: 0s)
HTTP Status: 000
Response body: 

=== Request 3 ===
Endpoint: POST http://127.0.0.1:56460/api/cognitive/bank/users
Payload: {
    "email": "liam.smith2@example.com",
    "password": "Password123!",
    "firstName": "Liam",
    "lastName": "Smith",
    "phone": "+16475550556",
    "dateOfBirth": "2001-10-24",
    "role": "SUPPORT",
    "status": "PENDING_VERIFICATION"
}
Response time: 0.000158s (total: 0s)
HTTP Status: 000
Response body: 

=== Request 4 ===
Endpoint: POST http://127.0.0.1:56460/api/cognitive/bank/users
Payload: {
    "email": "olivia.williams3@example.com",
    "password": "Password123!",
    "firstName": "Olivia",
    "lastName": "Williams",
    "phone": "+13305553167",
    "dateOfBirth": "2017-09-05",
    "role": "MANAGER",
    "status": "INACTIVE"
}
Response time: 0.000166s (total: 0s)
HTTP Status: 000
Response body: 

=== Request 5 ===
Endpoint: POST http://127.0.0.1:56460/api/cognitive/bank/users
Payload: {
    "email": "noah.brown4@example.com",
    "password": "Password123!",
    "firstName": "Noah",
    "lastName": "Brown",
    "phone": "+19145551554",
    "dateOfBirth": "2018-06-14",
    "role": "ADMIN",
    "status": "INACTIVE"
}
Response time: 0.000208s (total: 0s)
HTTP Status: 000
Response body: 

=== Request 6 ===
Endpoint: POST http://127.0.0.1:56460/api/cognitive/bank/users
Payload: {
    "email": "ava.jones5@example.com",
    "password": "Password123!",
    "firstName": "Ava",
    "lastName": "Jones",
    "phone": "+11055556938",
    "dateOfBirth": "2010-12-02",
    "role": "SUPPORT",
    "status": "SUSPENDED"
}
Response time: 0.004263s (total: 0s)
HTTP Status: 000
Response body: 

=== Request 7 ===
Endpoint: POST http://127.0.0.1:56460/api/cognitive/bank/users
Payload: {
    "email": "mason.garcia6@example.com",
    "password": "Password123!",
    "firstName": "Mason",
    "lastName": "Garcia",
    "phone": "+16595552284",
    "dateOfBirth": "2007-11-21",
    "role": "MANAGER",
    "status": "SUSPENDED"
}
Response time: 0.000217s (total: 0s)
HTTP Status: 000
Response body: 

=== Request 8 ===
Endpoint: POST http://127.0.0.1:56460/api/cognitive/bank/users
Payload: {
    "email": "isabella.miller7@example.com",
    "password": "Password123!",
    "firstName": "Isabella",
    "lastName": "Miller",
    "phone": "+14245555844",
    "dateOfBirth": "2008-05-09",
    "role": "SUPPORT",
    "status": "PENDING_VERIFICATION"
}
Response time: 0.000185s (total: 1s)
HTTP Status: 000
Response body: 

=== Request 9 ===
Endpoint: POST http://127.0.0.1:56460/api/cognitive/bank/users
Payload: {
    "email": "lucas.davis8@example.com",
    "password": "Password123!",
    "firstName": "Lucas",
    "lastName": "Davis",
    "phone": "+13845558491",
    "dateOfBirth": "2010-08-06",
    "role": "MANAGER",
    "status": "ACTIVE"
}
Response time: 0.000161s (total: 0s)
HTTP Status: 000
Response body: 

=== Request 10 ===
Endpoint: POST http://127.0.0.1:56460/api/cognitive/bank/users
Payload: {
    "email": "mia.rodriguez9@example.com",
    "password": "Password123!",
    "firstName": "Mia",
    "lastName": "Rodriguez",
    "phone": "+18335550820",
    "dateOfBirth": "2022-10-28",
    "role": "ADMIN",
    "status": "PENDING_VERIFICATION"
}
Response time: 0.000278s (total: 0s)
HTTP Status: 000
Response body: 

=== Request 11 ===
Endpoint: POST http://127.0.0.1:56460/api/cognitive/bank/users
Payload: {
    "email": "james.martinez10@example.com",
    "password": "Password123!",
    "firstName": "James",
    "lastName": "Martinez",
    "phone": "+18925559265",
    "dateOfBirth": "2003-09-19",
    "role": "MANAGER",
    "status": "ACTIVE"
}
Response time: 0.002808s (total: 0s)
HTTP Status: 000
Response body: 

=== Request 12 ===
Endpoint: POST http://127.0.0.1:56460/api/cognitive/bank/users
Payload: {
    "email": "charlotte.hernandez11@example.com",
    "password": "Password123!",
    "firstName": "Charlotte",
    "lastName": "Hernandez",
    "phone": "+14245559773",
    "dateOfBirth": "2008-06-27",
    "role": "MANAGER",
    "status": "ACTIVE"
}
Response time: 0.000240s (total: 0s)
HTTP Status: 000
Response body: 

=== Request 13 ===
Endpoint: POST http://127.0.0.1:56460/api/cognitive/bank/users
Payload: {
    "email": "benjamin.lopez12@example.com",
    "password": "Password123!",
    "firstName": "Benjamin",
    "lastName": "Lopez",
    "phone": "+18305552394",
    "dateOfBirth": "2023-06-14",
    "role": "CUSTOMER",
    "status": "ACTIVE"
}
Response time: 0.000211s (total: 0s)
HTTP Status: 000
Response body: 

=== Request 14 ===
Endpoint: POST http://127.0.0.1:56460/api/cognitive/bank/users
Payload: {
    "email": "amelia.gonzalez13@example.com",
    "password": "Password123!",
    "firstName": "Amelia",
    "lastName": "Gonzalez",
    "phone": "+17625550734",
    "dateOfBirth": "2012-01-24",
    "role": "MANAGER",
    "status": "PENDING_VERIFICATION"
}
Response time: 0.000303s (total: 0s)
HTTP Status: 000
Response body: 

=== Request 15 ===
Endpoint: POST http://127.0.0.1:56460/api/cognitive/bank/users
Payload: {
    "email": "elijah.wilson14@example.com",
    "password": "Password123!",
    "firstName": "Elijah",
    "lastName": "Wilson",
    "phone": "+12745554458",
    "dateOfBirth": "2022-11-20",
    "role": "SUPPORT",
    "status": "SUSPENDED"
}
Response time: 0.000210s (total: 1s)
HTTP Status: 000
Response body: 

=== Request 16 ===
Endpoint: POST http://127.0.0.1:56460/api/cognitive/bank/users
Payload: {
    "email": "harper.anderson15@example.com",
    "password": "Password123!",
    "firstName": "Harper",
    "lastName": "Anderson",
    "phone": "+12835558030",
    "dateOfBirth": "2018-09-18",
    "role": "MANAGER",
    "status": "PENDING_VERIFICATION"
}
Response time: 0.000182s (total: 0s)
HTTP Status: 000
Response body: 

=== Request 17 ===
Endpoint: POST http://127.0.0.1:56460/api/cognitive/bank/users
Payload: {
    "email": "alexander.thomas16@example.com",
    "password": "Password123!",
    "firstName": "Alexander",
    "lastName": "Thomas",
    "phone": "+15135559000",
    "dateOfBirth": "2013-05-02",
    "role": "CUSTOMER",
    "status": "SUSPENDED"
}
Response time: 0.002665s (total: 0s)
HTTP Status: 000
Response body: 

=== Request 18 ===
Endpoint: POST http://127.0.0.1:56460/api/cognitive/bank/users
Payload: {
    "email": "evelyn.taylor17@example.com",
    "password": "Password123!",
    "firstName": "Evelyn",
    "lastName": "Taylor",
    "phone": "+18225550388",
    "dateOfBirth": "2017-07-20",
    "role": "CUSTOMER",
    "status": "INACTIVE"
}
Response time: 0.000198s (total: 0s)
HTTP Status: 000
Response body: 

=== Request 19 ===
Endpoint: POST http://127.0.0.1:56460/api/cognitive/bank/users
Payload: {
    "email": "daniel.moore18@example.com",
    "password": "Password123!",
    "firstName": "Daniel",
    "lastName": "Moore",
    "phone": "+11185553437",
    "dateOfBirth": "2023-09-14",
    "role": "MANAGER",
    "status": "ACTIVE"
}
Response time: 0.000185s (total: 0s)
HTTP Status: 000
Response body: 

=== Request 20 ===
Endpoint: POST http://127.0.0.1:56460/api/cognitive/bank/users
Payload: {
    "email": "abigail.jackson19@example.com",
    "password": "Password123!",
    "firstName": "Abigail",
    "lastName": "Jackson",
    "phone": "+15005550840",
    "dateOfBirth": "2007-09-08",
    "role": "SUPPORT",
    "status": "SUSPENDED"
}
Response time: 0.000331s (total: 0s)
HTTP Status: 000
Response body: 

